Loi sendMessage_V2
{
  ContactId: 10024344,
  SenderID: 59721,
  Message: 'vũ anh tuấn vừa đăng ký tài khoản ứng viên trên timviec365.vn',
  MessageType: 'text',
  LiveChat: '{"ClientId":"10277641_liveChatV2","ClientName":"vũ anh tuấn","FromWeb":"timviec365.vn","FromConversation":161084}',
  InfoSupport: '{"Title":"Đăng ký","Status":0}',
  MessageInforSupport: 'Xin chào, tôi tên là vũ anh tuấn, SĐT: 0343606866, Email: vuanhtuan1391992@gmail.com, tôi vừa đăng ký tài khoản ứng viên trên timviec365.vn, tôi cần bạn hỗ trợ!'
}
Add datamessage failed
MongoServerError: Resulting document after update is larger than 16777216
    at /root/app/chat365/main/node_modules/mongodb/lib/operations/update.js:85:33
    at /root/app/chat365/main/node_modules/mongodb/lib/cmap/connection_pool.js:299:25
    at /root/app/chat365/main/node_modules/mongodb/lib/sdam/server.js:212:17
    at handleOperationResult (/root/app/chat365/main/node_modules/mongodb/lib/sdam/server.js:284:20)
    at Connection.onMessage (/root/app/chat365/main/node_modules/mongodb/lib/cmap/connection.js:219:9)
    at MessageStream.<anonymous> (/root/app/chat365/main/node_modules/mongodb/lib/cmap/connection.js:60:60)
    at MessageStream.emit (node:events:513:28)
    at processIncomingData (/root/app/chat365/main/node_modules/mongodb/lib/cmap/message_stream.js:132:20)
    at MessageStream._write (/root/app/chat365/main/node_modules/mongodb/lib/cmap/message_stream.js:33:9)
    at writeOrBuffer (node:internal/streams/writable:391:12) {
  index: 0,
  code: 17419,
  [Symbol(errorLabels)]: Set(0) {}
}
Loi sendMessage_V2
{
  ContactId: 10024344,
  SenderID: 59721,
  Message: 'BÙi Thị huệ vừa đăng ký tài khoản ứng viên trên timviec365.vn',
  MessageType: 'text',
  LiveChat: '{"ClientId":"10277676_liveChatV2","ClientName":"BÙi Thị huệ","FromWeb":"timviec365.vn","FromConversation":161084}',
  InfoSupport: '{"Title":"Đăng ký","Status":0}',
  MessageInforSupport: 'Xin chào, tôi tên là BÙi Thị huệ, SĐT: 0795300807, Email: ngoclanhoa71@gmail.com, tôi vừa đăng ký tài khoản ứng viên trên timviec365.vn, tôi cần bạn hỗ trợ!'
}
Add datamessage failed
MongoServerError: Resulting document after update is larger than 16777216
    at /root/app/chat365/main/node_modules/mongodb/lib/operations/update.js:85:33
    at /root/app/chat365/main/node_modules/mongodb/lib/cmap/connection_pool.js:299:25
    at /root/app/chat365/main/node_modules/mongodb/lib/sdam/server.js:212:17
    at handleOperationResult (/root/app/chat365/main/node_modules/mongodb/lib/sdam/server.js:284:20)
    at Connection.onMessage (/root/app/chat365/main/node_modules/mongodb/lib/cmap/connection.js:219:9)
    at MessageStream.<anonymous> (/root/app/chat365/main/node_modules/mongodb/lib/cmap/connection.js:60:60)
    at MessageStream.emit (node:events:513:28)
    at processIncomingData (/root/app/chat365/main/node_modules/mongodb/lib/cmap/message_stream.js:132:20)
    at MessageStream._write (/root/app/chat365/main/node_modules/mongodb/lib/cmap/message_stream.js:33:9)
    at writeOrBuffer (node:internal/streams/writable:391:12) {
  index: 0,
  code: 17419,
  [Symbol(errorLabels)]: Set(0) {}
}
Loi sendMessage_V2
{
  ContactId: 10024344,
  SenderID: 59721,
  Message: 'Nguyễn Hoàng Thu Phương  vừa đăng ký tài khoản ứng viên trên timviec365.vn',
  MessageType: 'text',
  LiveChat: '{"ClientId":"10277665_liveChatV2","ClientName":"Nguyễn Hoàng Thu Phương ","FromWeb":"timviec365.vn","FromConversation":161084}',
  InfoSupport: '{"Title":"Đăng ký","Status":0}',
  MessageInforSupport: 'Xin chào, tôi tên là Nguyễn Hoàng Thu Phương , SĐT: 0862689005, Email: phuongnguy761@gmail.com, tôi vừa đăng ký tài khoản ứng viên trên timviec365.vn, tôi cần bạn hỗ trợ!'
}
Add datamessage failed
MongoServerError: Resulting document after update is larger than 16777216
    at /root/app/chat365/main/node_modules/mongodb/lib/operations/update.js:85:33
    at /root/app/chat365/main/node_modules/mongodb/lib/cmap/connection_pool.js:299:25
    at /root/app/chat365/main/node_modules/mongodb/lib/sdam/server.js:212:17
    at handleOperationResult (/root/app/chat365/main/node_modules/mongodb/lib/sdam/server.js:284:20)
    at Connection.onMessage (/root/app/chat365/main/node_modules/mongodb/lib/cmap/connection.js:219:9)
    at MessageStream.<anonymous> (/root/app/chat365/main/node_modules/mongodb/lib/cmap/connection.js:60:60)
    at MessageStream.emit (node:events:513:28)
    at processIncomingData (/root/app/chat365/main/node_modules/mongodb/lib/cmap/message_stream.js:132:20)
    at MessageStream._write (/root/app/chat365/main/node_modules/mongodb/lib/cmap/message_stream.js:33:9)
    at writeOrBuffer (node:internal/streams/writable:391:12) {
  index: 0,
  code: 17419,
  [Symbol(errorLabels)]: Set(0) {}
}
Loi sendMessage_V2
{
  ContactId: 10024344,
  SenderID: 59721,
  Message: 'Nguyễn Hoàng Thu Phương  vừa đăng ký tài khoản ứng viên trên timviec365.vn',
  MessageType: 'text',
  LiveChat: '{"ClientId":"10277665_liveChatV2","ClientName":"Nguyễn Hoàng Thu Phương ","FromWeb":"timviec365.vn","FromConversation":161084}',
  InfoSupport: '{"Title":"Đăng ký","Status":0}',
  MessageInforSupport: 'Xin chào, tôi tên là Nguyễn Hoàng Thu Phương , SĐT: 0862689005, Email: phuongng761@gmail.com, tôi vừa đăng ký tài khoản ứng viên trên timviec365.vn, tôi cần bạn hỗ trợ!'
}
Add datamessage failed
MongoServerError: Resulting document after update is larger than 16777216
    at /root/app/chat365/main/node_modules/mongodb/lib/operations/update.js:85:33
    at /root/app/chat365/main/node_modules/mongodb/lib/cmap/connection_pool.js:299:25
    at /root/app/chat365/main/node_modules/mongodb/lib/sdam/server.js:212:17
    at handleOperationResult (/root/app/chat365/main/node_modules/mongodb/lib/sdam/server.js:284:20)
    at Connection.onMessage (/root/app/chat365/main/node_modules/mongodb/lib/cmap/connection.js:219:9)
    at MessageStream.<anonymous> (/root/app/chat365/main/node_modules/mongodb/lib/cmap/connection.js:60:60)
    at MessageStream.emit (node:events:513:28)
    at processIncomingData (/root/app/chat365/main/node_modules/mongodb/lib/cmap/message_stream.js:132:20)
    at MessageStream._write (/root/app/chat365/main/node_modules/mongodb/lib/cmap/message_stream.js:33:9)
    at writeOrBuffer (node:internal/streams/writable:391:12) {
  index: 0,
  code: 17419,
  [Symbol(errorLabels)]: Set(0) {}
}
Loi sendMessage_V2
{
  ContactId: 10024344,
  SenderID: 59721,
  Message: 'vũ anh tuấn vừa đăng ký tài khoản ứng viên trên timviec365.vn',
  MessageType: 'text',
  LiveChat: '{"ClientId":"10277641_liveChatV2","ClientName":"vũ anh tuấn","FromWeb":"timviec365.vn","FromConversation":161084}',
  InfoSupport: '{"Title":"Đăng ký","Status":0}',
  MessageInforSupport: 'Xin chào, tôi tên là vũ anh tuấn, SĐT: 0343606866, Email: vuanhtuan1391992@gmail.com, tôi vừa đăng ký tài khoản ứng viên trên timviec365.vn, tôi cần bạn hỗ trợ!'
}
Add datamessage failed
MongoServerError: Resulting document after update is larger than 16777216
    at /root/app/chat365/main/node_modules/mongodb/lib/operations/update.js:85:33
    at /root/app/chat365/main/node_modules/mongodb/lib/cmap/connection_pool.js:299:25
    at /root/app/chat365/main/node_modules/mongodb/lib/sdam/server.js:212:17
    at handleOperationResult (/root/app/chat365/main/node_modules/mongodb/lib/sdam/server.js:284:20)
    at Connection.onMessage (/root/app/chat365/main/node_modules/mongodb/lib/cmap/connection.js:219:9)
    at MessageStream.<anonymous> (/root/app/chat365/main/node_modules/mongodb/lib/cmap/connection.js:60:60)
    at MessageStream.emit (node:events:513:28)
    at processIncomingData (/root/app/chat365/main/node_modules/mongodb/lib/cmap/message_stream.js:132:20)
    at MessageStream._write (/root/app/chat365/main/node_modules/mongodb/lib/cmap/message_stream.js:33:9)
    at writeOrBuffer (node:internal/streams/writable:Loi sendMessage_V2
{
  ContactId: 10024344,
  SenderID: 59721,
  Message: Loi sendMessage_V2
{
  ContactId: 10024344,
  SenderID: 59721,
  Message: 'Phạm Văn Thanh vừa đăng ký tài khoản ứng viên trên timviec365.vn',
  MessageType: 'text',
  LiveChat: '{"ClientId":"87702_liveChatV2","ClientName":"Phạm Văn Thanh","FromWeb":"timviec365.vn","FromConversation":161084}',
  InfoSupport: '{"Title":"Đăng ký","Status":0}',
  MessageInforSupport: 'Xin chào, tôi tên là Phạm Văn Thanh, SĐT: 0976348862, Email: thanhphv.nd@gmail.com, tôi vừa đăng ký tài khoản ứng viên trên timviec365.vn, tôi cần bạn hỗ trợ!'
}
Add datamessage failed
MongoServerError: Resulting document after update is larger than 16777216
    at /root/app/chat365/main/node_modules/mongodb/lib/operations/update.js:85:33
    at /root/app/chat365/main/node_modules/mongodb/lib/cmap/connection_pool.js:299:25
    at /root/app/chat365/main/node_modules/mongodb/lib/sdam/server.js:212:17
    at handleOperationResult (/root/app/chat365/main/node_modules/mongodb/lib/sdam/server.js:284:20)
    at Connection.onMessage (/root/app/chat365/main/node_modules/mongodb/lib/cmap/connection.js:219:9)
    at MessageStream.<anonymous> (/root/app/chat365/main/node_modules/mongodb/lib/cmap/connection.js:60:60)
    at MessageStream.emit (node:events:513:28)
    at processIncomingData (/root/app/chat365/main/node_modules/mongodb/lib/cmap/message_stream.js:132:20)
    at MessageStream._write (/root/app/chat365/main/node_modules/mongodb/lib/cmap/message_stream.js:33:9)
    at writeOrBuffer (node:internal/streams/writable:Loi sendMessage_V2
{
  ContactId: 10024344,
  SenderID: 59721,
  Message: 'Vũ THanh lan vừa đăng ký tài khoản ứng viên trên timviec365.vn',
  MessageType: 'text',
  LiveChat: '{"ClientId":"3006634_liveChatV2","ClientName":"Vũ THanh lan","FromWeb":"timviec365.vn","FromConversation":161084}',
  InfoSupport: '{"Title":"Đăng ký","Status":0}',
  MessageInforSupport: 'Xin chào, tôi tên là Vũ THanh lan, SĐT: 0392730050, Email: thanhlan20072k1@gmail.com, tôi vừa đăng ký tài khoản ứng viên trên timviec365.vn, tôi cần bạn hỗ trợ!'
}
Add datamessage failed
MongoServerError: Resulting document after update is larger than 16777216
    at /root/app/chat365/main/node_modules/mongodb/lib/operations/update.js:85:33
    at /root/app/chat365/main/node_modules/mongodb/lib/cmap/connection_pool.js:299:25
    at /root/app/chat365/main/node_modules/mongodb/lib/sdam/server.js:212:17
    at handleOperationResult (/root/app/chat365/main/node_modules/mongodb/lib/sdam/server.js:284:20)
    at Connection.onMessage (/root/app/chat365/main/node_modules/mongodb/lib/cmap/connection.js:219:9)
    at MessageStream.<anonymous> (/root/app/chat365/main/node_modules/mongodb/lib/cmap/connection.js:60:60)
    at MessageStream.emit (node:events:513:28)
    at processIncomingData (/root/app/chat365/main/node_modules/mongodb/lib/cmap/message_stream.js:132:20)
    at MessageStream._write (/root/app/chat365/main/node_modules/mongodb/lib/cmap/message_stream.js:33:9)
    at writeOrBuffer (node:internal/streams/writable:391:12) {
  index: 0,
  code: 17419,
  [Symbol(errorLabels)]: Set(0) {}
}
Loi sendMessage_V2
{
  ContactId: 10024344,
  SenderID: 59721,
  Message: 'Lê Thị Thanh Hoa vừa đăng ký tài khoản ứng viên trên timviec365.vn',
  MessageType: 'text',
  LiveChat: '{"ClientId":"10102090_liveChatV2","ClientName":"Lê Thị Thanh Hoa","FromWeb":"timviec365.vn","FromConversation":161084}',
  InfoSupport: '{"Title":"Đăng ký","Status":0}',
  MessageInforSupport: 'Xin chào, tôi tên là Lê Thị Thanh Hoa, SĐT: 0971442381, Email: thanhhoamc02@gmail.com, tôi vừa đăng ký tài khoản ứng viên trên timviec365.vn, tôi cần bạn hỗ trợ!'
}
Add datamessage failed
MongoServerError: Resulting document after update is larger than 16777216
    at /root/app/chat365/main/node_modules/mongodb/lib/operations/update.js:85:33
    at /root/app/chat365/main/node_modules/mongodb/lib/cmap/connection_pool.js:299:25
    at /root/app/chat365/main/node_modules/mongodb/lib/sdam/server.js:212:17
    at handleOperationResult (/root/app/chat365/main/node_modules/mongodb/lib/sdam/server.js:284:20)
    at Connection.onMessage (/root/app/chat365/main/node_modules/mongodb/lib/cmap/connection.js:219:9)
    at MessageStream.<anonymous> (/root/app/chat365/main/node_modules/mongodb/lib/cmap/connection.js:60:60)
    at MessageStream.emit (node:events:513:28)
    at processIncomingData (/root/app/chat365/main/node_modules/mongodb/lib/cmap/message_stream.js:132:20)
    at MessageStream._write (/root/app/chat365/main/node_modules/mongodb/lib/cmap/message_stream.js:33:9)
    at writeOrBuffer (node:internal/streams/writable:391:12) {
  index: 0,
  code: 17419,
  [Symbol(errorLabels)]: Set(0) {}
}
Loi sendMessage_V2
{
  ContactId: 10024344,
  SenderID: 59721,
  Message: 'BÙi Thị huệ vừa đăng ký tài khoản ứng viên trên timviec365.vn',
  MessageType: 'text',
  LiveChat: '{"ClientId":"10277676_liveChatV2","ClientName":"BÙi Thị huệ","FromWeb":"timviec365.vn","FromConversation":161084}',
  InfoSupport: '{"Title":"Đăng ký","Status":0}',
  MessageInforSupport: 'Xin chào, tôi tên là BÙi Thị huệ, SĐT: 0795300807, Email: ngoclanhoa71@gmail.com, tôi vừa đăng ký tài khoản ứng viên trên timviec365.vn, tôi cần bạn hỗ trợ!'
}
Add datamessage failed
MongoServerError: Resulting document after update is larger than 16777216
    at /root/app/chat365/main/node_modules/mongodb/lib/operations/update.js:85:33
    at /root/app/chat365/main/node_modules/mongodb/lib/cmap/connection_pool.js:299:25
    at /root/app/chat365/main/node_modules/mongodb/lib/sdam/server.js:212:17
    at handleOperationResult (/root/app/chat365/main/node_modules/mongodb/lib/sdam/server.js:284:20)
    at Connection.onMessage (/root/app/chat365/main/node_modules/mongodb/lib/cmap/connection.js:219:9)
    at MessageStream.<anonymous> (/root/app/chat365/main/node_modules/mongodb/lib/cmap/connection.js:60:60)
    at MessageStream.emit (node:events:513:28)
    at processIncomingData (/root/app/chat365/main/node_modules/mongodb/lib/cmap/message_stream.js:132:20)
    at MessageStream._write (/root/app/chat365/main/node_modules/mongodb/lib/cmap/message_stream.js:33:9)
    at writeOrBuffer (node:internal/streams/writable:391:12) {
  index: 0,
  code: 17419,
  [Symbol(errorLabels)]: Set(0) {}
}
Loi sendMessage_V2
{
  ContactId: 10024344,
  SenderID: 59721,
  Message: 'BÙi Thị huệ vừa đăng ký tài khoản ứng viên trên timviec365.vn',
  MessageType: 'text',
  LiveChat: '{"ClientId":"10277676_liveChatV2","ClientName":"BÙi Thị huệ","FromWeb":"timviec365.vn","FromConversation":161084}',
  InfoSupport: '{"Title":"Đăng ký","Status":0}',
  MessageInforSupport: 'Xin chào, tôi tên là BÙi Thị huệ, SĐT: 0795300807, Email: ngoclanhoa71@gmail.com, tôi vừa đăng ký tài khoản ứng viên trên timviec365.vn, tôi cần bạn hỗ trợ!'
}
Add datamessage failed
MongoServerError: Resulting document after update is larger than 16777216
    at /root/app/chat365/main/node_modules/mongodb/lib/operations/update.js:85:33
    at /root/app/chat365/main/node_modules/mongodb/lib/cmap/connection_pool.js:299:25
    at /root/app/chat365/main/node_modules/mongodb/lib/sdam/server.js:212:17
    at handleOperationResult (/root/app/chat365/main/node_modules/mongodb/lib/sdam/server.js:284:20)
    at Connection.onMessage (/root/app/chat365/main/node_modules/mongodb/lib/cmap/connection.js:219:9)
    at MessageStream.<anonymous> (/root/app/chat365/main/node_modules/mongodb/lib/cmap/connection.js:60:60)
    at MessageStream.emit (node:events:513:28)
    at processIncomingData (/root/app/chat365/main/node_modules/mongodb/lib/cmap/message_stream.js:132:20)
    at MessageStream._write (/root/app/chat365/main/node_modules/mongodb/lib/cmap/message_stream.js:33:9)
    at writeOrBuffer (node:internal/streams/writable:391:12) {
  index: 0,
  code: 17419,
  [Symbol(errorLabels)]: Set(0) {}
}
Loi sendMessage_V2
{
  ContactId: 10024344,
  SenderID: 59721,
  Message: 'BÙi Thị huệ vừa đăng ký tài khoản ứng viên trên timviec365.vn',
  MessageType: 'text',
  LiveChat: '{"ClientId":"10277676_liveChatV2","ClientName":"BÙi Thị huệ","FromWeb":"timviec365.vn","FromConversation":161084}',
  InfoSupport: '{"Title":"Đăng ký","Status":0}',
  MessageInforSupport: 'Xin chào, tôi tên là BÙi Thị huệ, SĐT: 0795300807, Email: ngoclanhoa71@gmail.com, tôi vừa đăng ký tài khoản ứng viên trên timviec365.vn, tôi cần bạn hỗ trợ!'
}
Add datamessage failed
MongoServerError: Resulting document after update is larger than 16777216
    at /root/app/chat365/main/node_modules/mongodb/lib/operations/update.js:85:33
    at /root/app/chat365/main/node_modules/mongodb/lib/cmap/connection_pool.js:299:25
    at /root/app/chat365/main/node_modules/mongodb/lib/sdam/server.js:212:17
    at handleOperationResult (/root/app/chat365/main/node_modules/mongodb/lib/sdam/server.js:284:20)
    at Connection.onMessage (/root/app/chat365/main/node_modules/mongodb/lib/cmap/connection.js:219:9)
    at MessageStream.<anonymous> (/root/app/chat365/main/node_modules/mongodb/lib/cmap/connection.js:60:60)
    at MessageStream.emit (node:events:513:28)
    at processIncomingData (/root/app/chat365/main/node_modules/mongodb/lib/cmap/message_stream.js:132:20)
    at MessageStream._write (/root/app/chat365/main/node_modules/mongodb/lib/cmap/message_stream.js:33:9)
    at writeOrBuffer (node:internal/streams/writable:391:12) {
  index: 0,
  code: 17419,
  [Symbol(errorLabels)]: Set(0) {}
}
Loi sendMessage_V2
{
  ContactId: 10024344,
  SenderID: 59721,
  Message: 'BÙi Thị huệ vừa đăng ký tài khoản ứng viên trên timviec365.vn',
  MessageType: 'text',
  LiveChat: '{"ClientId":"10277676_liveChatV2","ClientName":"BÙi Thị huệ","FromWeb":"timviec365.vn","FromConversation":161084}',
  InfoSupport: '{"Title":"Đăng ký","Status":0}',
  MessageInforSupport: 'Xin chào, tôi tên là BÙi Thị huệ, SĐT: 0795300807, Email: ngoclanhoa71@gmail.com, tôi vừa đăng ký tài khoản ứng viên trên timviec365.vn, tôi cần bạn hỗ trợ!'
}
Add datamessage failed
MongoServerError: Resulting document after update is larger than 16777216
    at /root/app/chat365/main/node_modules/mongodb/lib/operations/update.js:85:33
    at /root/app/chat365/main/node_modules/mongodb/lib/cmap/connection_pool.js:299:25
    at /root/app/chat365/main/node_modules/mongodb/lib/sdam/server.js:212:17
    at handleOperationResult (/root/app/chat365/main/node_modules/mongodb/lib/sdam/server.js:284:20)
    at Connection.onMessage (/root/app/chat365/main/node_modules/mongodb/lib/cmap/connection.js:219:9)
    at MessageStream.<anonymous> (/root/app/chat365/main/node_modules/mongodb/lib/cmap/connection.js:60:60)
    at MessageStream.emit (node:events:513:28)
    at processIncomingData (/root/app/chat365/main/node_modules/mongodb/lib/cmap/message_stream.js:132:20)
    at MessageStream._write (/root/app/chat365/main/node_modules/mongodb/lib/cmap/message_stream.js:33:9)
    at writeOrBuffer (node:internal/streams/writable:391:12) {
  index: 0,
  code: 17419,
  [Symbol(errorLabels)]: Set(0) {}
}
Loi sendMessage_V2
{
  ContactId: 10024344,
  SenderID: 59721,
  Message: 'Nguyễn Thị Thúy vừa đăng ký tài khoản ứng viên trên timviec365.vn',
  MessageType: 'text',
  LiveChat: '{"ClientId":"1563037_liveChatV2","ClientName":"Nguyễn Thị Thúy","FromWeb":"timviec365.vn","FromConversation":161084}',
  InfoSupport: '{"Title":"Đăng ký","Status":0}',
  MessageInforSupport: 'Xin chào, tôi tên là Nguyễn Thị Thúy, SĐT: 0389055071, Email: nguyenthithuy60202@gmail.com, tôi vừa đăng ký tài khoản ứng viên trên timviec365.vn, tôi cần bạn hỗ trợ!'
}
Add datamessage failed
MongoServerError: Resulting document after update is larger than 16777216
    at /root/app/chat365/main/node_modules/mongodb/lib/operations/update.js:85:33
    at /root/app/chat365/main/node_modules/mongodb/lib/cmap/connection_pool.js:299:25
    at /root/app/chat365/main/node_modules/mongodb/lib/sdam/server.js:212:17
    at handleOperationResult (/root/app/chat365/main/node_modules/mongodb/lib/sdam/server.js:284:20)
    at Connection.onMessage (/root/app/chat365/main/node_modules/mongodb/lib/cmap/connection.js:219:9)
    at MessageStream.<anonymous> (/root/app/chat365/main/node_modules/mongodb/lib/cmap/connection.js:60:60)
    at MessageStream.emit (node:events:513:28)
    at processIncomingData (/root/app/chat365/main/node_modules/mongodb/lib/cmap/message_stream.js:132:20)
    at MessageStream._write (/root/app/chat365/main/node_modules/mongodb/lib/cmap/message_stream.js:33:9)
    at writeOrBuffer (node:internal/streams/writable:391:12) {
  index: 0,
  code: 17419,
  [Symbol(errorLabels)]: Set(0) {}
}
Loi sendMessage_V2
{
  ContactId: 10024344,
  SenderID: 59721,
  Message: 'Nguyễn Thị Thúy vừa đăng ký tài khoản ứng viên trên timviec365.vn',
  MessageType: 'text',
  LiveChat: '{"ClientId":"1563037_liveChatV2","ClientName":"Nguyễn Thị Thúy","FromWeb":"timviec365.vn","FromConversation":161084}',
  InfoSupport: '{"Title":"Đăng ký","Status":0}',
  MessageInforSupport: 'Xin chào, tôi tên là Nguyễn Thị Thúy, SĐT: 0389055071, Email: nguyenthithuy60202@gmail.com, tôi vừa đăng ký tài khoản ứng viên trên timviec365.vn, tôi cần bạn hỗ trợ!'
}
Add datamessage failed
MongoServerError: Resulting document after update is larger than 16777216
    at /root/app/chat365/main/node_modules/mongodb/lib/operations/update.js:85:33
    at /root/app/chat365/main/node_modules/mongodb/lib/cmap/connection_pool.js:299:25
    at /root/app/chat365/main/node_modules/mongodb/lib/sdam/server.js:212:17
    at handleOperationResult (/root/app/chat365/main/node_modules/mongodb/lib/sdam/server.js:284:20)
    at Connection.onMessage (/root/app/chat365/main/node_modules/mongodb/lib/cmap/connection.js:219:9)
    at MessageStream.<anonymous> (/root/app/chat365/main/node_modules/mongodb/lib/cmap/connection.js:60:60)
    at MessageStream.emit (node:events:513:28)
    at processIncomingData (/root/app/chat365/main/node_modules/mongodb/lib/cmap/message_stream.js:132:20)
    at MessageStream._write (/root/app/chat365/main/node_modules/mongodb/lib/cmap/message_stream.js:33:9)
    at writeOrBuffer (node:internal/streams/writable:391:12) {
  index: 0,
  code: 17419,
  [Symbol(errorLabels)]: Set(0) {}
}
Loi sendMessage_V2
{
  ContactId: 10024344,
  SenderID: 59721,
  Message: 'Phạm văn chiến vừa đăng ký tài khoản ứng viên trên timviec365.vn',
  MessageType: 'text',
  LiveChat: '{"ClientId":"10277876_liveChatV2","ClientName":"Phạm văn chiến","FromWeb":"timviec365.vn","FromConversation":161084}',
  InfoSupport: '{"Title":"Đăng ký","Status":0}',
  MessageInforSupport: 'Xin chào, tôi tên là Phạm văn chiến, SĐT: 0966813855, Email: chienpham23042001@gmail.com, tôi vừa đăng ký tài khoản ứng viên trên timviec365.vn, tôi cần bạn hỗ trợ!'
}
Add datamessage failed
MongoServerError: Resulting document after update is larger than 16777216
    at /root/app/chat365/main/node_modules/mongodb/lib/operations/update.js:85:33
    at /root/app/chat365/main/node_modules/mongodb/lib/cmap/connection_pool.js:299:25
    at /root/app/chat365/main/node_modules/mongodb/lib/sdam/server.js:212:17
    at handleOperationResult (/root/app/chat365/main/node_modules/mongodb/lib/sdam/server.js:284:20)
    at Connection.onMessage (/root/app/chat365/main/node_modules/mongodb/lib/cmap/connection.js:219:9)
    at MessageStream.<anonymous> (/root/app/chat365/main/node_modules/mongodb/lib/cmap/connection.js:60:60)
    at MessageStream.emit (node:events:513:28)
    at processIncomingData (/root/app/chat365/main/node_modules/mongodb/lib/cmap/message_stream.js:132:20)
    at MessageStream._write (/root/app/chat365/main/node_modules/mongodb/lib/cmap/message_stream.js:33:9)
    at writeOrBuffer (node:internal/streams/writable:391:12) {
  index: 0,
  code: 17419,
  [Symbol(errorLabels)]: Set(0) {}
}
Loi sendMessage_V2
{
  ContactId: 10024344,
  SenderID: 59721,
  Message: 'Vũ thanh lan vừa đăng ký tài khoản ứng viên trên timviec365.vn',
  MessageType: 'text',
  LiveChat: '{"ClientId":"3006634_liveChatV2","ClientName":"Vũ thanh lan","FromWeb":"timviec365.vn","FromConversation":161084}',
  InfoSupport: '{"Title":"Đăng ký","Status":0}',
  MessageInforSupport: 'Xin chào, tôi tên là Vũ thanh lan, SĐT: 0392730050, Email: thanhlan20072k1@gmail.com, tôi vừa đăng ký tài khoản ứng viên trên timviec365.vn, tôi cần bạn hỗ trợ!'
}
Add datamessage failed
MongoServerError: Resulting document after update is larger than 16777216
    at /root/app/chat365/main/node_modules/mongodb/lib/operations/update.js:85:33
    at /root/app/chat365/main/node_modules/mongodb/lib/cmap/connection_pool.js:299:25
    at /root/app/chat365/main/node_modules/mongodb/lib/sdam/server.js:212:17
    at handleOperationResult (/root/app/chat365/main/node_modules/mongodb/lib/sdam/server.js:284:20)
    at Connection.onMessage (/root/app/chat365/main/node_modules/mongodb/lib/cmap/connection.js:219:9)
    at MessageStream.<anonymous> (/root/app/chat365/main/node_modules/mongodb/lib/cmap/connection.js:60:60)
    at MessageStream.emit (node:events:513:28)
    at processIncomingData (/root/app/chat365/main/node_modules/mongodb/lib/cmap/message_stream.js:132:20)
    at MessageStream._write (/root/app/chat365/main/node_modules/mongodb/lib/cmap/message_stream.js:33:9)
    at writeOrBuffer (node:internal/streams/writable:391:12) {
  index: 0,
  code: 17419,
  [Symbol(errorLabels)]: Set(0) {}
}
Loi sendMessage_V2
{
  ContactId: 10024344,
  SenderID: 59721,
  Message: 'NGUYỄN THỊ PHƯƠNG THẢO vừa đăng ký tài khoản ứng viên trên timviec365.vn',
  MessageType: 'text',
  LiveChat: '{"ClientId":"10277832_liveChatV2","ClientName":"NGUYỄN THỊ PHƯƠNG THẢO","FromWeb":"timviec365.vn","FromConversation":161084}',
  InfoSupport: '{"Title":"Đăng ký","Status":0}',
  MessageInforSupport: 'Xin chào, tôi tên là NGUYỄN THỊ PHƯƠNG THẢO, SĐT: 0973186865, Email: thaonghenh123@gmail.com, tôi vừa đăng ký tài khoản ứng viên trên timviec365.vn, tôi cần bạn hỗ trợ!'
}
Add datamessage failed
MongoServerError: Resulting document after update is larger than 16777216
    at /root/app/chat365/main/node_modules/mongodb/lib/operations/update.js:85:33
    at /root/app/chat365/main/node_modules/mongodb/lib/cmap/connection_pool.js:299:25
    at /root/app/chat365/main/node_modules/mongodb/lib/sdam/server.js:212:17
    at handleOperationResult (/root/app/chat365/main/node_modules/mongodb/lib/sdam/server.js:284:20)
    at Connection.onMessage (/root/app/chat365/main/node_modules/mongodb/lib/cmap/connection.js:219:9)
    at MessageStream.<anonymous> (/root/app/chat365/main/node_modules/mongodb/lib/cmap/connection.js:60:60)
    at MessageStream.emit (node:events:513:28)
    at processIncomingData (/root/app/chat365/main/node_modules/mongodb/lib/cmap/message_stream.js:132:20)
    at MessageStream._write (/root/app/chat365/main/node_modules/mongodb/lib/cmap/message_stream.js:33:9)
    at writeOrBuffer (node:internal/streams/writable:391:12) {
  index: 0,
  code: 17419,
  [Symbol(errorLabels)]: Set(0) {}
}
Loi sendMessage_V2
{
  ContactId: 10024344,
  SenderID: 59721,
  Message: 'VÕ THỊ MINH PHƯƠNG vừa đăng ký tài khoản ứng viên trên timviec365.vn',
  MessageType: 'text',
  LiveChat: '{"ClientId":"10277814_liveChatV2","ClientName":"VÕ THỊ MINH PHƯƠNG","FromWeb":"timviec365.vn","FromConversation":161084}',
  InfoSupport: '{"Title":"Đăng ký","Status":0}',
  MessageInforSupport: 'Xin chào, tôi tên là VÕ THỊ MINH PHƯƠNG, SĐT: 0357972992, Email: vothiminhphuongtc123@gmail.com, tôi vừa đăng ký tài khoản ứng viên trên timviec365.vn, tôi cần bạn hỗ trợ!'
}
Add datamessage failed
MongoServerError: Resulting document after update is larger than 16777216
    at /root/app/chat365/main/node_modules/mongodb/lib/operations/update.js:85:33
    at /root/app/chat365/main/node_modules/mongodb/lib/cmap/connection_pool.js:299:25
    at /root/app/chat365/main/node_modules/mongodb/lib/sdam/server.js:212:17
    at handleOperationResult (/root/app/chat365/main/node_modules/mongodb/lib/sdam/server.js:284:20)
    at Connection.onMessage (/root/app/chat365/main/node_modules/mongodb/lib/cmap/connection.js:219:9)
    at MessageStream.<anonymous> (/root/app/chat365/main/node_modules/mongodb/lib/cmap/connection.js:60:60)
    at MessageStream.emit (node:events:513:28)
    at processIncomingData (/root/app/chat365/main/node_modules/mongodb/lib/cmap/message_stream.js:132:20)
    at MessageStream._write (/root/app/chat365/main/node_modules/mongodb/lib/cmap/message_stream.js:33:9)
    at writeOrBuffer (node:internal/streams/writable:391:12) {
  index: 0,
  code: 17419,
  [Symbol(errorLabels)]: Set(0) {}
}
Loi sendMessage_V2
{
  ContactId: 10024344,
  SenderID: 59721,
  Message: 'HOÀNG THANH HẰNG vừa đăng ký tài khoản ứng viên trên timviec365.vn',
  MessageType: 'text',
  LiveChat: '{"ClientId":"10277958_liveChatV2","ClientName":"HOÀNG THANH HẰNG","FromWeb":"timviec365.vn","FromConversation":161084}',
  InfoSupport: '{"Title":"Đăng ký","Status":0}',
  MessageInforSupport: 'Xin chào, tôi tên là HOÀNG THANH HẰNG, SĐT: 0979827794, Email: Thanhhang270794@gmail.com, tôi vừa đăng ký tài khoản ứng viên trên timviec365.vn, tôi cần bạn hỗ trợ!'
}
Add datamessage failed
MongoServerError: Resulting document after update is larger than 16777216
    at /root/app/chat365/main/node_modules/mongodb/lib/operations/update.js:85:33
    at /root/app/chat365/main/node_modules/mongodb/lib/cmap/connection_pool.js:299:25
    at /root/app/chat365/main/node_modules/mongodb/lib/sdam/server.js:212:17
    at handleOperationResult (/root/app/chat365/main/node_modules/mongodb/lib/sdam/server.js:284:20)
    at Connection.onMessage (/root/app/chat365/main/node_modules/mongodb/lib/cmap/connection.js:219:9)
    at MessageStream.<anonymous> (/root/app/chat365/main/node_modules/mongodb/lib/cmap/connection.js:60:60)
    at MessageStream.emit (node:events:513:28)
    at processIncomingData (/root/app/chat365/main/node_modules/mongodb/lib/cmap/message_stream.js:132:20)
    at MessageStream._write (/root/app/chat365/main/node_modules/mongodb/lib/cmap/message_stream.js:33:9)
    at writeOrBuffer (node:internal/streams/writable:391:12) {
  index: 0,
  code: 17419,
  [Symbol(errorLabels)]: Set(0) {}
}
Loi sendMessage_V2
{
  ContactId: 10024344,
  SenderID: 59721,
  Message: 'HOÀNG THANH HẰNG vừa đăng ký tài khoản ứng viên trên timviec365.vn',
  MessageType: 'text',
  LiveChat: '{"ClientId":"10277958_liveChatV2","ClientName":"HOÀNG THANH HẰNG","FromWeb":"timviec365.vn","FromConversation":161084}',
  InfoSupport: '{"Title":"Đăng ký","Status":0}',
  MessageInforSupport: 'Xin chào, tôi tên là HOÀNG THANH HẰNG, SĐT: 0979827794, Email: Thanhhang270794@gmail.com, tôi vừa đăng ký tài khoản ứng viên trên timviec365.vn, tôi cần bạn hỗ trợ!'
}
Add datamessage failed
MongoServerError: Resulting document after update is larger than 16777216
    at /root/app/chat365/main/node_modules/mongodb/lib/operations/update.js:85:33
    at /root/app/chat365/main/node_modules/mongodb/lib/cmap/connection_pool.js:299:25
    at /root/app/chat365/main/node_modules/mongodb/lib/sdam/server.js:212:17
    at handleOperationResult (/root/app/chat365/main/node_modules/mongodb/lib/sdam/server.js:284:20)
    at Connection.onMessage (/root/app/chat365/main/node_modules/mongodb/lib/cmap/connection.js:219:9)
    at MessageStream.<anonymous> (/root/app/chat365/main/node_modules/mongodb/lib/cmap/connection.js:60:60)
    at MessageStream.emit (node:events:513:28)
    at processIncomingData (/root/app/chat365/main/node_modules/mongodb/lib/cmap/message_stream.js:132:20)
    at MessageStream._write (/root/app/chat365/main/node_modules/mongodb/lib/cmap/message_stream.js:33:9)
    at writeOrBuffer (node:internal/streams/writable:391:12) {
  index: 0,
  code: 17419,
  [Symbol(errorLabels)]: Set(0) {}
}
Loi sendMessage_V2
{
  ContactId: 10024344,
  SenderID: 59721,
  Message: 'HOÀNG THANH HẰNG vừa đăng ký tài khoản ứng viên trên timviec365.vn',
  MessageType: 'text',
  LiveChat: '{"ClientId":"10277958_liveChatV2","ClientName":"HOÀNG THANH HẰNG","FromWeb":"timviec365.vn","FromConversation":161084}',
  InfoSupport: '{"Title":"Đăng ký","Status":0}',
  MessageInforSupport: 'Xin chào, tôi tên là HOÀNG THANH HẰNG, SĐT: 0979827794, Email: Thanhhang270794@gmail.com, tôi vừa đăng ký tài khoản ứng viên trên timviec365.vn, tôi cần bạn hỗ trợ!'
}
Add datamessage failed
MongoServerError: Resulting document after update is larger than 16777216
    at /root/app/chat365/main/node_modules/mongodb/lib/operations/update.js:85:33
    at /root/app/chat365/main/node_modules/mongodb/lib/cmap/connection_pool.js:299:25
    at /root/app/chat365/main/node_modules/mongodb/lib/sdam/server.js:212:17
    at handleOperationResult (/root/app/chat365/main/node_modules/mongodb/lib/sdam/server.js:284:20)
    at Connection.onMessage (/root/app/chat365/main/node_modules/mongodb/lib/cmap/connection.js:219:9)
    at MessageStream.<anonymous> (/root/app/chat365/main/node_modules/mongodb/lib/cmap/connection.js:60:60)
    at MessageStream.emit (node:events:513:28)
    at processIncomingData (/root/app/chat365/main/node_modules/mongodb/lib/cmap/message_stream.js:132:20)
    at MessageStream._write (/root/app/chat365/main/node_modules/mongodb/lib/cmap/message_stream.js:33:9)
    at writeOrBuffer (node:internal/streams/writable:391:12) {
  index: 0,
  code: 17419,
  [Symbol(errorLabels)]: Set(0) {}
}
Loi sendMessage_V2
{
  ContactId: 10024344,
  SenderID: 59721,
  Message: 'HOÀNG THANH HẰNG vừa đăng ký tài khoản ứng viên trên timviec365.vn',
  MessageType: 'text',
  LiveChat: '{"ClientId":"10277958_liveChatV2","ClientName":"HOÀNG THANH HẰNG","FromWeb":"timviec365.vn","FromConversation":161084}',
  InfoSupport: '{"Title":"Đăng ký","Status":0}',
  MessageInforSupport: 'Xin chào, tôi tên là HOÀNG THANH HẰNG, SĐT: 0979827794, Email: Thanhhang270794@gmail.com, tôi vừa đăng ký tài khoản ứng viên trên timviec365.vn, tôi cần bạn hỗ trợ!'
}
Add datamessage failed
MongoServerError: Resulting document after update is larger than 16777216
    at /root/app/chat365/main/node_modules/mongodb/lib/operations/update.js:85:33
    at /root/app/chat365/main/node_modules/mongodb/lib/cmap/connection_pool.js:299:25
    at /root/app/chat365/main/node_modules/mongodb/lib/sdam/server.js:212:17
    at handleOperationResult (/root/app/chat365/main/node_modules/mongodb/lib/sdam/server.js:284:20)
    at Connection.onMessage (/root/app/chat365/main/node_modules/mongodb/lib/cmap/connection.js:219:9)
    at MessageStream.<anonymous> (/root/app/chat365/main/node_modules/mongodb/lib/cmap/connection.js:60:60)
    at MessageStream.emit (node:events:513:28)
    at processIncomingData (/root/app/chat365/main/node_modules/mongodb/lib/cmap/message_stream.js:132:20)
    at MessageStream._write (/root/app/chat365/main/node_modules/mongodb/lib/cmap/message_stream.js:33:9)
    at writeOrBuffer (node:internal/streams/writable:391:12) {
  index: 0,
  code: 17419,
  [Symbol(errorLabels)]: Set(0) {}
}
Loi sendMessage_V2
{
  ContactId: 10024344,
  SenderID: 59721,
  Message: 'HOÀNG THANH HẰNG vừa đăng ký tài khoản ứng viên trên timviec365.vn',
  MessageType: 'text',
  LiveChat: '{"ClientId":"10277958_liveChatV2","ClientName":"HOÀNG THANH HẰNG","FromWeb":"timviec365.vn","FromConversation":161084}',
  InfoSupport: '{"Title":"Đăng ký","Status":0}',
  MessageInforSupport: 'Xin chào, tôi tên là HOÀNG THANH HẰNG, SĐT: 0979827794, Email: Thanhhang270794@gmail.com, tôi vừa đăng ký tài khoản ứng viên trên timviec365.vn, tôi cần bạn hỗ trợ!'
}
Add datamessage failed
MongoServerError: Resulting document after update is larger than 16777216
    at /root/app/chat365/main/node_modules/mongodb/lib/operations/update.js:85:33
    at /root/app/chat365/main/node_modules/mongodb/lib/cmap/connection_pool.js:299:25
    at /root/app/chat365/main/node_modules/mongodb/lib/sdam/server.js:212:17
    at handleOperationResult (/root/app/chat365/main/node_modules/mongodb/lib/sdam/server.js:284:20)
    at Connection.onMessage (/root/app/chat365/main/node_modules/mongodb/lib/cmap/connection.js:219:9)
    at MessageStream.<anonymous> (/root/app/chat365/main/node_modules/mongodb/lib/cmap/connection.js:60:60)
    at MessageStream.emit (node:events:513:28)
    at processIncomingData (/root/app/chat365/main/node_modules/mongodb/lib/cmap/message_stream.js:132:20)
    at MessageStream._write (/root/app/chat365/main/node_modules/mongodb/lib/cmap/message_stream.js:33:9)
    at writeOrBuffer (node:internal/streams/writable:391:12) {
  index: 0,
  code: 17419,
  [Symbol(errorLabels)]: Set(0) {}
}
Loi sendMessage_V2
{
  ContactId: 10024344,
  SenderID: 59721,
  Message: 'Nguyễn Ngọc Linh vừa đăng ký tài khoản ứng viên trên timviec365.vn',
  MessageType: 'text',
  LiveChat: '{"ClientId":"826468_liveChatV2","ClientName":"Nguyễn Ngọc Linh","FromWeb":"timviec365.vn","FromConversation":161084}',
  InfoSupport: '{"Title":"Đăng ký","Status":0}',
  MessageInforSupport: 'Xin chào, tôi tên là Nguyễn Ngọc Linh, SĐT: 0378195412, tôi vừa đăng ký tài khoản ứng viên trên timviec365.vn, tôi cần bạn hỗ trợ!'
}
Add datamessage failed
MongoServerError: Resulting document after update is larger than 16777216
    at /root/app/chat365/main/node_modules/mongodb/lib/operations/update.js:85:33
    at /root/app/chat365/main/node_modules/mongodb/lib/cmap/connection_pool.js:299:25
    at /root/app/chat365/main/node_modules/mongodb/lib/sdam/server.js:212:17
    at handleOperationResult (/root/app/chat365/main/node_modules/mongodb/lib/sdam/server.js:284:20)
    at Connection.onMessage (/root/app/chat365/main/node_modules/mongodb/lib/cmap/connection.js:219:9)
    at MessageStream.<anonymous> (/root/app/chat365/main/node_modules/mongodb/lib/cmap/connection.js:60:60)
    at MessageStream.emit (node:events:513:28)
    at processIncomingData (/root/app/chat365/main/node_modules/mongodb/lib/cmap/message_stream.js:132:20)
    at MessageStream._write (/root/app/chat365/main/node_modules/mongodb/lib/cmap/message_stream.js:33:9)
    at writeOrBuffer (node:internal/streams/writable:391:12) {
  index: 0,
  code: 17419,
  [Symbol(errorLabels)]: Set(0) {}
}
Loi sendMessage_V2
{
  ContactId: 10024344,
  SenderID: 59721,
  Message: 'Nguyễn Ngọc Linh vừa đăng ký tài khoản ứng viên trên timviec365.vn',
  MessageType: 'text',
  LiveChat: '{"ClientId":"826468_liveChatV2","ClientName":"Nguyễn Ngọc Linh","FromWeb":"timviec365.vn","FromConversation":161084}',
  InfoSupport: '{"Title":"Đăng ký","Status":0}',
  MessageInforSupport: 'Xin chào, tôi tên là Nguyễn Ngọc Linh, SĐT: 0378195412, tôi vừa đăng ký tài khoản ứng viên trên timviec365.vn, tôi cần bạn hỗ trợ!'
}
Add datamessage failed
MongoServerError: Resulting document after update is larger than 16777216
    at /root/app/chat365/main/node_modules/mongodb/lib/operations/update.js:85:33
    at /root/app/chat365/main/node_modules/mongodb/lib/cmap/connection_pool.js:299:25
    at /root/app/chat365/main/node_modules/mongodb/lib/sdam/server.js:212:17
    at handleOperationResult (/root/app/chat365/main/node_modules/mongodb/lib/sdam/server.js:284:20)
    at Connection.onMessage (/root/app/chat365/main/node_modules/mongodb/lib/cmap/connection.js:219:9)
    at MessageStream.<anonymous> (/root/app/chat365/main/node_modules/mongodb/lib/cmap/connection.js:60:60)
    at MessageStream.emit (node:events:513:28)
    at processIncomingData (/root/app/chat365/main/node_modules/mongodb/lib/cmap/message_stream.js:132:20)
    at MessageStream._write (/root/app/chat365/main/node_modules/mongodb/lib/cmap/message_stream.js:33:9)
    at writeOrBuffer (node:internal/streams/writable:391:12) {
  index: 0,
  code: 17419,
  [Symbol(errorLabels)]: Set(0) {}
}
Loi sendMessage_V2
{
  ContactId: 10024344,
  SenderID: 59721,
  Message: 'Tống Khánh Linh vừa đăng ký tài khoản ứng viên trên timviec365.vn',
  MessageType: 'text',
  LiveChat: '{"ClientId":"826468_liveChatV2","ClientName":"Tống Khánh Linh","FromWeb":"timviec365.vn","FromConversation":161084}',
  InfoSupport: '{"Title":"Đăng ký","Status":0}',
  MessageInforSupport: 'Xin chào, tôi tên là Tống Khánh Linh, SĐT: 0378195412, Email: dangthilinh05072002@gmail.com, tôi vừa đăng ký tài khoản ứng viên trên timviec365.vn, tôi cần bạn hỗ trợ!'
}
Add datamessage failed
MongoServerError: Resulting document after update is larger than 16777216
    at /root/app/chat365/main/node_modules/mongodb/lib/operations/update.js:85:33
    at /root/app/chat365/main/node_modules/mongodb/lib/cmap/connection_pool.js:299:25
    at /root/app/chat365/main/node_modules/mongodb/lib/sdam/server.js:212:17
    at handleOperationResult (/root/app/chat365/main/node_modules/mongodb/lib/sdam/server.js:284:20)
    at Connection.onMessage (/root/app/chat365/main/node_modules/mongodb/lib/cmap/connection.js:219:9)
    at MessageStream.<anonymous> (/root/app/chat365/main/node_modules/mongodb/lib/cmap/connection.js:60:60)
    at MessageStream.emit (node:events:513:28)
    at processIncomingData (/root/app/chat365/main/node_modules/mongodb/lib/cmap/message_stream.js:132:20)
    at MessageStream._write (/root/app/chat365/main/node_modules/mongodb/lib/cmap/message_stream.js:33:9)
    at writeOrBuffer (node:internal/streams/writable:391:12) {
  index: 0,
  code: 17419,
  [Symbol(errorLabels)]: Set(0) {}
}
Buffer (node:internal/streams/writable:391:12) {
  index: 0,
  code: 17419,
  [Symbol(errorLabels)]: Set(0) {}
}
Loi sendMessage_V2
{
  ContactId: 10024344,
  SenderID: 59721,
  Message: 'Nguyễn Ngọc Linh vừa đăng ký tài khoản ứng viên trên timviec365.vn',
  MessageType: 'text',
  LiveChat: '{"ClientId":"826468_liveChatV2","ClientName":"Nguyễn Ngọc Linh","FromWeb":"timviec365.vn","FromConversation":161084}',
  InfoSupport: '{"Title":"Đăng ký","Status":0}',
  MessageInforSupport: 'Xin chào, tôi tên là Nguyễn Ngọc Linh, SĐT: 0378195412, tôi vừa đăng ký tài khoản ứng viên trên timviec365.vn, tôi cần bạn hỗ trợ!'
}
Add datamessage failed
MongoServerError: Resulting document after update is larger than 16777216
    at /root/app/chat365/main/node_modules/mongodb/lib/operations/update.js:85:33
    at /root/app/chat365/main/node_modules/mongodb/lib/cmap/connection_pool.js:299:25
    at /root/app/chat365/main/node_modules/mongodb/lib/sdam/server.js:212:17
    at handleOperationResult (/root/app/chat365/main/node_modules/mongodb/lib/sdam/server.js:284:20)
    at Connection.onMessage (/root/app/chat365/main/node_modules/mongodb/lib/cmap/connection.js:219:9)
    at MessageStream.<anonymous> (/root/app/chat365/main/node_modules/mongodb/lib/cmap/connection.js:60:60)
    at MessageStream.emit (node:events:513:28)
    at processIncomingData (/root/app/chat365/main/node_modules/mongodb/lib/cmap/message_stream.js:132:20)
    at MessageStream._write (/root/app/chat365/main/node_modules/mongodb/lib/cmap/message_stream.js:33:9)
    at writeOrBuffer (node:internal/streams/writable:391:12) {
  index: 0,
  code: 17419,
  [Symbol(errorLabels)]: Set(0) {}
}
